<<<<<<< HEAD:CPP_Exercises/C++2015/text/text_c++_part2.log
This is e-pTeX, Version 3.14159265-p3.5-130605-2.6 (utf8.euc) (TeX Live 2014) (preloaded format=platex 2014.10.10)  7 MAY 2015 12:33
=======
This is e-pTeX, Version 3.14159265-p3.5-130605-2.6 (utf8.euc) (TeX Live 2014) (preloaded format=platex 2015.4.5)  14 MAY 2015 10:25
>>>>>>> master:CPP_Exercises/C++/C++text/text_c++_part2.log
entering extended mode
 restricted \write18 enabled.
 file:line:error style messages enabled.
 %&-line parsing enabled.
**text_c++_part2
(./text_c++_part2.tex
pLaTeX2e <2006/11/10> (based on LaTeX2e <2014/05/01> patch level 0)
Babel <3.9k> and hyphenation patterns for 78 languages loaded.
(/usr/local/texlive/2014/texmf-dist/tex/platex/base/pl209.def
Entering pLaTeX 2.09 compatibility mode.
(/usr/local/texlive/2014/texmf-dist/tex/latex/base/latex209.def
File: latex209.def 1998/05/13 v0.52 Standard LaTeX file


          Entering LaTeX 2.09 COMPATIBILITY MODE
 *************************************************************
    !!WARNING!!    !!WARNING!!    !!WARNING!!    !!WARNING!!   
 
 This mode attempts to provide an emulation of the LaTeX 2.09
 author environment so that OLD documents can be successfully
 processed. It should NOT be used for NEW documents!
 
 New documents should use Standard LaTeX conventions and start
 with the \documentclass command.
 
 Compatibility mode is UNLIKELY TO WORK with LaTeX 2.09 style
 files that change any internal macros, especially not with
 those that change the FONT SELECTION or OUTPUT ROUTINES.
 
 Therefore such style files MUST BE UPDATED to use
          Current Standard LaTeX: LaTeX2e.
 If you suspect that you may be using such a style file, which
 is probably very, very old by now, then you should attempt to
 get it updated by sending a copy of this error message to the
 author of that file.
 *************************************************************

\footheight=\dimen118
\@maxsep=\dimen119
\@dblmaxsep=\dimen120
\@cla=\count81
\@clb=\count82
\mscount=\count83
(/usr/local/texlive/2014/texmf-dist/tex/latex/base/tracefnt.sty
Package: tracefnt 1997/05/29 v3.0j Standard LaTeX package (font tracing)
\tracingfonts=\count84
LaTeX Info: Redefining \selectfont on input line 101.
)
\symbold=\mathgroup4
\symsans=\mathgroup5
\symtypewriter=\mathgroup6
\symitalic=\mathgroup7
\symsmallcaps=\mathgroup8
\symslanted=\mathgroup9
LaTeX Font Info:    Redeclaring math alphabet \mathbf on input line 293.
LaTeX Font Info:    Redeclaring math alphabet \mathsf on input line 294.
LaTeX Font Info:    Redeclaring math alphabet \mathtt on input line 295.
LaTeX Font Info:    Redeclaring math alphabet \mathit on input line 301.
LaTeX Info: Redefining \em on input line 311.

(/usr/local/texlive/2014/texmf-dist/tex/latex/base/latexsym.sty
Package: latexsym 1998/08/17 v2.2e Standard LaTeX package (lasy symbols)
\symlasy=\mathgroup10
LaTeX Font Info:    Overwriting symbol font `lasy' in version `bold'
(Font)                  U/lasy/m/n --> U/lasy/b/n on input line 47.
)
LaTeX Font Info:    Redeclaring math delimiter \lgroup on input line 375.
LaTeX Font Info:    Redeclaring math delimiter \rgroup on input line 377.
LaTeX Font Info:    Redeclaring math delimiter \bracevert on input line 379.
)
(/usr/local/texlive/2014/texmf-dist/tex/platex/base/ptrace.sty
LaTeX Info: Redefining \selectfont on input line 40.
\adjust@box=\box41
\adjust@dimen=\dimen121
)
\symmincho=\mathgroup11
\symgothic=\mathgroup12
LaTeX Font Info:    Overwriting symbol font `mincho' in version `bold'
(Font)                  JY1/mc/m/n --> JY1/gt/m/n on input line 59.
LaTeX Info: Redefining \bf on input line 73.
LaTeX Info: Redefining \rm on input line 80.
LaTeX Info: Redefining \sf on input line 81.
LaTeX Info: Redefining \sl on input line 82.
LaTeX Info: Redefining \sc on input line 83.
LaTeX Info: Redefining \it on input line 84.
LaTeX Info: Redefining \tt on input line 85.
LaTeX Info: Redefining \em on input line 86.
)
(/usr/local/texlive/2014/texmf-dist/tex/platex/base/jarticle.cls
Document Class: jarticle 2006/06/27 v1.6 Standard pLaTeX class
\c@@paper=\count85
(/usr/local/texlive/2014/texmf-dist/tex/platex/base/jsize11.clo
File: jsize11.clo 2006/06/27 v1.6 Standard pLaTeX file (size option)
)
\c@part=\count86
\c@section=\count87
\c@subsection=\count88
\c@subsubsection=\count89
\c@paragraph=\count90
\c@subparagraph=\count91
\c@figure=\count92
\c@table=\count93
\abovecaptionskip=\skip41
\belowcaptionskip=\skip42
Compatibility mode: definition of \mc ignored.
Compatibility mode: definition of \gt ignored.
Compatibility mode: definition of \rm ignored.
Compatibility mode: definition of \sf ignored.
Compatibility mode: definition of \tt ignored.
Compatibility mode: definition of \bf ignored.
Compatibility mode: definition of \it ignored.
Compatibility mode: definition of \sl ignored.
Compatibility mode: definition of \sc ignored.
LaTeX Info: Redefining \cal on input line 630.
LaTeX Info: Redefining \mit on input line 631.
\toclineskip=\dimen122
\@lnumwidth=\dimen123
\bibindent=\dimen124
\heisei=\count94
)
(/usr/local/texlive/2014/texmf-dist/tex/latex/ntgclass/a4.sty
Package: a4 2004/04/15 v1.2g A4 based page layout
)
(/usr/local/texlive/2014/texmf-dist/tex/generic/epsf/epsf.sty
This is `epsf.tex' v2.7.4 <14 February 2011>
\epsffilein=\read1
\epsfframemargin=\dimen125
\epsfframethickness=\dimen126
\epsfrsize=\dimen127
\epsftmp=\dimen128
\epsftsize=\dimen129
\epsfxsize=\dimen130
\epsfysize=\dimen131
\pspoints=\dimen132
)
<<<<<<< HEAD:CPP_Exercises/C++2015/text/text_c++_part2.log
\c@execnumber=\count95
\c@pntnumber=\count96
 (./text_c++_part2.aux)
\openout1 = `text_c++_part2.aux'.

LaTeX Font Info:    Checking defaults for OML/cmm/m/it on input line 87.
LaTeX Font Info:    ... okay on input line 87.
LaTeX Font Info:    Checking defaults for T1/cmr/m/n on input line 87.
LaTeX Font Info:    ... okay on input line 87.
LaTeX Font Info:    Checking defaults for OT1/cmr/m/n on input line 87.
LaTeX Font Info:    ... okay on input line 87.
LaTeX Font Info:    Checking defaults for OMS/cmsy/m/n on input line 87.
LaTeX Font Info:    ... okay on input line 87.
LaTeX Font Info:    Checking defaults for OMX/cmex/m/n on input line 87.
LaTeX Font Info:    ... okay on input line 87.
LaTeX Font Info:    Checking defaults for U/cmr/m/n on input line 87.
LaTeX Font Info:    ... okay on input line 87.
LaTeX Font Info:    Checking defaults for JY1/mc/m/n on input line 87.
LaTeX Font Info:    ... okay on input line 87.
LaTeX Font Info:    Checking defaults for JT1/mc/m/n on input line 87.
LaTeX Font Info:    ... okay on input line 87.
LaTeX Font Info:    Font shape `JT1/mc/bx/n' in size <17.28> not available
(Font)              Font shape `JT1/gt/m/n' tried instead on input line 90.
LaTeX Font Info:    Font shape `JY1/mc/bx/n' in size <17.28> not available
(Font)              Font shape `JY1/gt/m/n' tried instead on input line 90.
LaTeX Font Info:    External font `cmex10' loaded for size
(Font)              <17.28> on input line 90.
LaTeX Font Info:    External font `cmex10' loaded for size
(Font)              <12> on input line 90.
LaTeX Font Info:    Try loading font information for U+lasy on input line 90.
=======
\c@exerc=\count95
\c@adv=\count96
\c@pntnumber=\count97
 (./text_c++_part2.aux)
\openout1 = `text_c++_part2.aux'.

LaTeX Font Info:    Checking defaults for OML/cmm/m/it on input line 63.
LaTeX Font Info:    ... okay on input line 63.
LaTeX Font Info:    Checking defaults for T1/cmr/m/n on input line 63.
LaTeX Font Info:    ... okay on input line 63.
LaTeX Font Info:    Checking defaults for OT1/cmr/m/n on input line 63.
LaTeX Font Info:    ... okay on input line 63.
LaTeX Font Info:    Checking defaults for OMS/cmsy/m/n on input line 63.
LaTeX Font Info:    ... okay on input line 63.
LaTeX Font Info:    Checking defaults for OMX/cmex/m/n on input line 63.
LaTeX Font Info:    ... okay on input line 63.
LaTeX Font Info:    Checking defaults for U/cmr/m/n on input line 63.
LaTeX Font Info:    ... okay on input line 63.
LaTeX Font Info:    Checking defaults for JY1/mc/m/n on input line 63.
LaTeX Font Info:    ... okay on input line 63.
LaTeX Font Info:    Checking defaults for JT1/mc/m/n on input line 63.
LaTeX Font Info:    ... okay on input line 63.
LaTeX Font Info:    Font shape `JT1/mc/bx/n' in size <17.28> not available
(Font)              Font shape `JT1/gt/m/n' tried instead on input line 66.
LaTeX Font Info:    Font shape `JY1/mc/bx/n' in size <17.28> not available
(Font)              Font shape `JY1/gt/m/n' tried instead on input line 66.
LaTeX Font Info:    External font `cmex10' loaded for size
(Font)              <17.28> on input line 66.
LaTeX Font Info:    External font `cmex10' loaded for size
(Font)              <12> on input line 66.
LaTeX Font Info:    Try loading font information for U+lasy on input line 66.
>>>>>>> master:CPP_Exercises/C++/C++text/text_c++_part2.log

(/usr/local/texlive/2014/texmf-dist/tex/latex/base/ulasy.fd
File: ulasy.fd 1998/08/17 v2.2e LaTeX symbol font definitions
)
LaTeX Font Info:    External font `cmex10' loaded for size
<<<<<<< HEAD:CPP_Exercises/C++2015/text/text_c++_part2.log
(Font)              <8> on input line 90.
LaTeX Font Info:    External font `cmex10' loaded for size
(Font)              <6> on input line 90.
LaTeX Font Info:    Try loading font information for OMS+cmss on input line 90.

LaTeX Font Info:    No file OMScmss.fd. on input line 90.
LaTeX Font Warning: Font shape `OMS/cmss/m/n' undefined
(Font)              using `OMS/cmsy/m/n' instead
(Font)              for symbol `textbraceleft' on input line 90.
LaTeX Font Info:    External font `cmex10' loaded for size
(Font)              <9> on input line 90.
LaTeX Font Info:    External font `cmex10' loaded for size
(Font)              <5> on input line 90.
LaTeX Font Info:    Font shape `JT1/mc/bx/n' in size <10.95> not available
(Font)              Font shape `JT1/gt/m/n' tried instead on input line 98.
LaTeX Font Info:    Font shape `JY1/mc/bx/n' in size <10.95> not available
(Font)              Font shape `JY1/gt/m/n' tried instead on input line 98.
LaTeX Font Info:    External font `cmex10' loaded for size
(Font)              <10.95> on input line 98.
LaTeX Font Info:    Font shape `JT1/mc/bx/n' in size <14.4> not available
(Font)              Font shape `JT1/gt/m/n' tried instead on input line 103.
LaTeX Font Info:    Font shape `JY1/mc/bx/n' in size <14.4> not available
(Font)              Font shape `JY1/gt/m/n' tried instead on input line 103.
LaTeX Font Info:    Font shape `JT1/mc/bx/n' in size <12> not available
(Font)              Font shape `JT1/gt/m/n' tried instead on input line 106.
LaTeX Font Info:    Font shape `JY1/mc/bx/n' in size <12> not available
(Font)              Font shape `JY1/gt/m/n' tried instead on input line 106.
 [1

] [2]
Overfull \hbox (14.09998pt too wide) in paragraph at lines 206--206
 [] 
 []

[3] [4] [5] (./text_c++_part2.aux)
LaTeX Font Warning: Some font shapes were not available, defaults substituted.
 ) 
Here is how much of TeX's memory you used:
 633 strings out of 493807
 7780 string characters out of 6151950
=======
(Font)              <8> on input line 66.
LaTeX Font Info:    External font `cmex10' loaded for size
(Font)              <6> on input line 66.
LaTeX Font Info:    Try loading font information for OMS+cmss on input line 66.

LaTeX Font Info:    No file OMScmss.fd. on input line 66.
LaTeX Font Warning: Font shape `OMS/cmss/m/n' undefined
(Font)              using `OMS/cmsy/m/n' instead
(Font)              for symbol `textbraceleft' on input line 66.
LaTeX Font Info:    External font `cmex10' loaded for size
(Font)              <9> on input line 66.
LaTeX Font Info:    External font `cmex10' loaded for size
(Font)              <5> on input line 66.
LaTeX Font Info:    Font shape `JT1/mc/bx/n' in size <10.95> not available
(Font)              Font shape `JT1/gt/m/n' tried instead on input line 74.
LaTeX Font Info:    Font shape `JY1/mc/bx/n' in size <10.95> not available
(Font)              Font shape `JY1/gt/m/n' tried instead on input line 74.
LaTeX Font Info:    External font `cmex10' loaded for size
(Font)              <10.95> on input line 74.
LaTeX Font Info:    Font shape `JT1/mc/bx/n' in size <14.4> not available
(Font)              Font shape `JT1/gt/m/n' tried instead on input line 79.
LaTeX Font Info:    Font shape `JY1/mc/bx/n' in size <14.4> not available
(Font)              Font shape `JY1/gt/m/n' tried instead on input line 79.
LaTeX Font Info:    Font shape `JT1/mc/bx/n' in size <12> not available
(Font)              Font shape `JT1/gt/m/n' tried instead on input line 82.
LaTeX Font Info:    Font shape `JY1/mc/bx/n' in size <12> not available
(Font)              Font shape `JY1/gt/m/n' tried instead on input line 82.
 [1

] [2] [3]
LaTeX Font Warning: Font shape `JT1/mc/m/it' undefined
(Font)              using `JT1/mc/m/n' instead on input line 200.
LaTeX Font Warning: Font shape `JY1/mc/m/it' undefined
(Font)              using `JY1/mc/m/n' instead on input line 200.

[4] [5] (./text_c++_part2.aux)
LaTeX Font Warning: Some font shapes were not available, defaults substituted.
 ) 
Here is how much of TeX's memory you used:
 644 strings out of 493807
 7851 string characters out of 6151952
>>>>>>> master:CPP_Exercises/C++/C++text/text_c++_part2.log
 63989 words of memory out of 5000000
 4119 multiletter control sequences out of 15000+600000
 33155 words of font info for 125 fonts, out of 8000000 for 9000
 929 hyphenation exceptions out of 8191
 25i,7n,21p,396b,398s stack positions out of 5000i,500n,10000p,200000b,80000s

<<<<<<< HEAD:CPP_Exercises/C++2015/text/text_c++_part2.log
Output written on text_c++_part2.dvi (5 pages, 23008 bytes).
=======
Output written on text_c++_part2.dvi (5 pages, 23452 bytes).
>>>>>>> master:CPP_Exercises/C++/C++text/text_c++_part2.log
